MarkdownViewDemo/build/outputs/logs/manifest-merger-debug-report.txt
-- Merging decision tree log ---
manifest
ADDED from AndroidManifest.xml:2:1
	package
		ADDED from AndroidManifest.xml:3:5
		INJECTED from AndroidManifest.xml:0:0
		INJECTED from AndroidManifest.xml:0:0
	android:versionName
		ADDED from AndroidManifest.xml:5:5
	android:versionCode
		ADDED from AndroidManifest.xml:4:5
		INJECTED from AndroidManifest.xml:0:0
		INJECTED from AndroidManifest.xml:0:0
	xmlns:android
		ADDED from AndroidManifest.xml:2:11
uses-sdk
ADDED from AndroidManifest.xml:7:5
MERGED from MarkdownViewDemo:markdownView:unspecified:7:5
	android:targetSdkVersion
		ADDED from AndroidManifest.xml:9:9
		INJECTED from AndroidManifest.xml:0:0
		INJECTED from AndroidManifest.xml:0:0
	android:minSdkVersion
		ADDED from AndroidManifest.xml:8:9
		INJECTED from AndroidManifest.xml:0:0
		INJECTED from AndroidManifest.xml:0:0
uses-permission#android.permission.INTERNET
ADDED from AndroidManifest.xml:11:5
	android:name
		ADDED from AndroidManifest.xml:11:22
application
ADDED from AndroidManifest.xml:13:5
	android:label
		ADDED from AndroidManifest.xml:15:9
	android:icon
		ADDED from AndroidManifest.xml:14:9
activity#us.feras.mdv.demo.MainActivity
ADDED from AndroidManifest.xml:16:9
	android:label
		ADDED from AndroidManifest.xml:18:13
	android:name
		ADDED from AndroidManifest.xml:17:13
intent-filter#android.intent.action.MAIN+android.intent.category.LAUNCHER
ADDED from AndroidManifest.xml:19:13
action#android.intent.action.MAIN
ADDED from AndroidManifest.xml:20:17
	android:name
		ADDED from AndroidManifest.xml:20:25
category#android.intent.category.LAUNCHER
ADDED from AndroidManifest.xml:22:17
	android:name
		ADDED from AndroidManifest.xml:22:27
activity#us.feras.mdv.demo.LocalMarkdownActivity
ADDED from AndroidManifest.xml:25:9
	android:name
		ADDED from AndroidManifest.xml:25:19
activity#us.feras.mdv.demo.OnlineMarkdownActivity
ADDED from AndroidManifest.xml:27:9
	android:name
		ADDED from AndroidManifest.xml:27:19
activity#us.feras.mdv.demo.MarkdownThemesActivity
ADDED from AndroidManifest.xml:29:9
	android:name
		ADDED from AndroidManifest.xml:29:19
activity#us.feras.mdv.demo.MarkdownDataActivity
ADDED from AndroidManifest.xml:31:9
	android:windowSoftInputMode
		ADDED from AndroidManifest.xml:33:13
	android:name
		ADDED from AndroidManifest.xml:32:13